::1 - - [01/Sep/2020:15:59:12 +0000] "OPTIONS /user HTTP/1.1" 200 12 "http://localhost:3000/" "Mozilla/5.0 (Macintosh; Intel Mac OS X 10_14_5) AppleWebKit/537.36 (KHTML, like Gecko) Chrome/84.0.4147.135 Safari/537.36"
::1 - - [01/Sep/2020:15:59:15 +0000] "OPTIONS /auth/login HTTP/1.1" 200 4 "http://localhost:3000/" "Mozilla/5.0 (Macintosh; Intel Mac OS X 10_14_5) AppleWebKit/537.36 (KHTML, like Gecko) Chrome/84.0.4147.135 Safari/537.36"
::1 - - [01/Sep/2020:15:59:21 +0000] "GET /user HTTP/1.1" 304 - "http://localhost:3000/" "Mozilla/5.0 (Macintosh; Intel Mac OS X 10_14_5) AppleWebKit/537.36 (KHTML, like Gecko) Chrome/84.0.4147.135 Safari/537.36"
::1 - - [01/Sep/2020:15:59:22 +0000] "OPTIONS /business HTTP/1.1" 200 12 "http://localhost:3000/" "Mozilla/5.0 (Macintosh; Intel Mac OS X 10_14_5) AppleWebKit/537.36 (KHTML, like Gecko) Chrome/84.0.4147.135 Safari/537.36"
::1 - - [01/Sep/2020:15:59:23 +0000] "GET /business HTTP/1.1" 304 - "http://localhost:3000/" "Mozilla/5.0 (Macintosh; Intel Mac OS X 10_14_5) AppleWebKit/537.36 (KHTML, like Gecko) Chrome/84.0.4147.135 Safari/537.36"
::1 - - [01/Sep/2020:15:59:23 +0000] "POST /auth/login HTTP/1.1" 200 803 "http://localhost:3000/" "Mozilla/5.0 (Macintosh; Intel Mac OS X 10_14_5) AppleWebKit/537.36 (KHTML, like Gecko) Chrome/84.0.4147.135 Safari/537.36"
::1 - - [01/Sep/2020:15:59:23 +0000] "OPTIONS /accounts HTTP/1.1" 200 8 "http://localhost:3000/dashboard" "Mozilla/5.0 (Macintosh; Intel Mac OS X 10_14_5) AppleWebKit/537.36 (KHTML, like Gecko) Chrome/84.0.4147.135 Safari/537.36"
::1 - - [01/Sep/2020:15:59:23 +0000] "OPTIONS /projects HTTP/1.1" 200 4 "http://localhost:3000/dashboard" "Mozilla/5.0 (Macintosh; Intel Mac OS X 10_14_5) AppleWebKit/537.36 (KHTML, like Gecko) Chrome/84.0.4147.135 Safari/537.36"
::1 - - [01/Sep/2020:15:59:23 +0000] "OPTIONS /contractors HTTP/1.1" 200 4 "http://localhost:3000/dashboard" "Mozilla/5.0 (Macintosh; Intel Mac OS X 10_14_5) AppleWebKit/537.36 (KHTML, like Gecko) Chrome/84.0.4147.135 Safari/537.36"
::1 - - [01/Sep/2020:15:59:23 +0000] "OPTIONS /categories HTTP/1.1" 200 8 "http://localhost:3000/dashboard" "Mozilla/5.0 (Macintosh; Intel Mac OS X 10_14_5) AppleWebKit/537.36 (KHTML, like Gecko) Chrome/84.0.4147.135 Safari/537.36"
::1 - - [01/Sep/2020:15:59:23 +0000] "OPTIONS /transactions HTTP/1.1" 200 11 "http://localhost:3000/dashboard" "Mozilla/5.0 (Macintosh; Intel Mac OS X 10_14_5) AppleWebKit/537.36 (KHTML, like Gecko) Chrome/84.0.4147.135 Safari/537.36"
::1 - - [01/Sep/2020:15:59:24 +0000] "GET /categories HTTP/1.1" 304 - "http://localhost:3000/dashboard" "Mozilla/5.0 (Macintosh; Intel Mac OS X 10_14_5) AppleWebKit/537.36 (KHTML, like Gecko) Chrome/84.0.4147.135 Safari/537.36"
::1 - - [01/Sep/2020:15:59:24 +0000] "GET /accounts HTTP/1.1" 304 - "http://localhost:3000/dashboard" "Mozilla/5.0 (Macintosh; Intel Mac OS X 10_14_5) AppleWebKit/537.36 (KHTML, like Gecko) Chrome/84.0.4147.135 Safari/537.36"
::1 - - [01/Sep/2020:15:59:25 +0000] "POST /transactions HTTP/1.1" 200 530 "http://localhost:3000/dashboard" "Mozilla/5.0 (Macintosh; Intel Mac OS X 10_14_5) AppleWebKit/537.36 (KHTML, like Gecko) Chrome/84.0.4147.135 Safari/537.36"
::1 - - [01/Sep/2020:15:59:26 +0000] "POST /transactions HTTP/1.1" 200 530 "http://localhost:3000/dashboard" "Mozilla/5.0 (Macintosh; Intel Mac OS X 10_14_5) AppleWebKit/537.36 (KHTML, like Gecko) Chrome/84.0.4147.135 Safari/537.36"
::1 - - [01/Sep/2020:15:59:26 +0000] "GET /categories HTTP/1.1" 304 - "http://localhost:3000/dashboard" "Mozilla/5.0 (Macintosh; Intel Mac OS X 10_14_5) AppleWebKit/537.36 (KHTML, like Gecko) Chrome/84.0.4147.135 Safari/537.36"
::1 - - [01/Sep/2020:15:59:26 +0000] "GET /accounts HTTP/1.1" 304 - "http://localhost:3000/dashboard" "Mozilla/5.0 (Macintosh; Intel Mac OS X 10_14_5) AppleWebKit/537.36 (KHTML, like Gecko) Chrome/84.0.4147.135 Safari/537.36"
::1 - - [01/Sep/2020:15:59:27 +0000] "POST /contractors HTTP/1.1" 200 602 "http://localhost:3000/dashboard" "Mozilla/5.0 (Macintosh; Intel Mac OS X 10_14_5) AppleWebKit/537.36 (KHTML, like Gecko) Chrome/84.0.4147.135 Safari/537.36"
::1 - - [01/Sep/2020:15:59:27 +0000] "POST /contractors HTTP/1.1" 200 602 "http://localhost:3000/dashboard" "Mozilla/5.0 (Macintosh; Intel Mac OS X 10_14_5) AppleWebKit/537.36 (KHTML, like Gecko) Chrome/84.0.4147.135 Safari/537.36"
::1 - - [01/Sep/2020:15:59:27 +0000] "POST /projects HTTP/1.1" 200 1747 "http://localhost:3000/dashboard" "Mozilla/5.0 (Macintosh; Intel Mac OS X 10_14_5) AppleWebKit/537.36 (KHTML, like Gecko) Chrome/84.0.4147.135 Safari/537.36"
::1 - - [01/Sep/2020:15:59:27 +0000] "POST /projects HTTP/1.1" 200 1747 "http://localhost:3000/dashboard" "Mozilla/5.0 (Macintosh; Intel Mac OS X 10_14_5) AppleWebKit/537.36 (KHTML, like Gecko) Chrome/84.0.4147.135 Safari/537.36"
::1 - - [01/Sep/2020:15:59:44 +0000] "OPTIONS /transactions HTTP/1.1" 200 11 "http://localhost:3000/dashboard" "Mozilla/5.0 (Macintosh; Intel Mac OS X 10_14_5) AppleWebKit/537.36 (KHTML, like Gecko) Chrome/84.0.4147.135 Safari/537.36"
::1 - - [01/Sep/2020:15:59:45 +0000] "POST /transactions HTTP/1.1" 200 530 "http://localhost:3000/dashboard" "Mozilla/5.0 (Macintosh; Intel Mac OS X 10_14_5) AppleWebKit/537.36 (KHTML, like Gecko) Chrome/84.0.4147.135 Safari/537.36"
::1 - - [01/Sep/2020:16:21:47 +0000] "GET /user HTTP/1.1" 304 - "http://localhost:8081/" "Mozilla/5.0 (Macintosh; Intel Mac OS X 10_14_5) AppleWebKit/537.36 (KHTML, like Gecko) Chrome/84.0.4147.135 Safari/537.36"
::1 - - [01/Sep/2020:16:21:48 +0000] "GET /business HTTP/1.1" 304 - "http://localhost:8081/" "Mozilla/5.0 (Macintosh; Intel Mac OS X 10_14_5) AppleWebKit/537.36 (KHTML, like Gecko) Chrome/84.0.4147.135 Safari/537.36"
::1 - - [01/Sep/2020:16:21:50 +0000] "GET /categories HTTP/1.1" 304 - "http://localhost:8081/dashboard" "Mozilla/5.0 (Macintosh; Intel Mac OS X 10_14_5) AppleWebKit/537.36 (KHTML, like Gecko) Chrome/84.0.4147.135 Safari/537.36"
::1 - - [01/Sep/2020:16:21:51 +0000] "GET /accounts HTTP/1.1" 304 - "http://localhost:8081/dashboard" "Mozilla/5.0 (Macintosh; Intel Mac OS X 10_14_5) AppleWebKit/537.36 (KHTML, like Gecko) Chrome/84.0.4147.135 Safari/537.36"
::1 - - [01/Sep/2020:16:21:52 +0000] "POST /transactions HTTP/1.1" 200 530 "http://localhost:8081/dashboard" "Mozilla/5.0 (Macintosh; Intel Mac OS X 10_14_5) AppleWebKit/537.36 (KHTML, like Gecko) Chrome/84.0.4147.135 Safari/537.36"
::1 - - [01/Sep/2020:16:21:54 +0000] "POST /contractors HTTP/1.1" 200 602 "http://localhost:8081/dashboard" "Mozilla/5.0 (Macintosh; Intel Mac OS X 10_14_5) AppleWebKit/537.36 (KHTML, like Gecko) Chrome/84.0.4147.135 Safari/537.36"
::1 - - [01/Sep/2020:16:21:54 +0000] "POST /projects HTTP/1.1" 200 1747 "http://localhost:8081/dashboard" "Mozilla/5.0 (Macintosh; Intel Mac OS X 10_14_5) AppleWebKit/537.36 (KHTML, like Gecko) Chrome/84.0.4147.135 Safari/537.36"
::1 - - [01/Sep/2020:16:36:59 +0000] "GET /images/landing1.svg HTTP/1.1" 304 - "http://localhost:5000/" "Mozilla/5.0 (Macintosh; Intel Mac OS X 10_14_5) AppleWebKit/537.36 (KHTML, like Gecko) Chrome/84.0.4147.135 Safari/537.36"
::1 - - [01/Sep/2020:16:36:59 +0000] "GET /images/landing2.svg HTTP/1.1" 304 - "http://localhost:5000/" "Mozilla/5.0 (Macintosh; Intel Mac OS X 10_14_5) AppleWebKit/537.36 (KHTML, like Gecko) Chrome/84.0.4147.135 Safari/537.36"
::1 - - [01/Sep/2020:16:36:59 +0000] "GET /images/landing3.svg HTTP/1.1" 304 - "http://localhost:5000/" "Mozilla/5.0 (Macintosh; Intel Mac OS X 10_14_5) AppleWebKit/537.36 (KHTML, like Gecko) Chrome/84.0.4147.135 Safari/537.36"
::1 - - [01/Sep/2020:16:36:59 +0000] "GET /images/landing4.svg HTTP/1.1" 304 - "http://localhost:5000/" "Mozilla/5.0 (Macintosh; Intel Mac OS X 10_14_5) AppleWebKit/537.36 (KHTML, like Gecko) Chrome/84.0.4147.135 Safari/537.36"
::1 - - [01/Sep/2020:16:36:59 +0000] "GET /images/client.jpg HTTP/1.1" 304 - "http://localhost:5000/" "Mozilla/5.0 (Macintosh; Intel Mac OS X 10_14_5) AppleWebKit/537.36 (KHTML, like Gecko) Chrome/84.0.4147.135 Safari/537.36"
::1 - - [01/Sep/2020:16:36:59 +0000] "GET /images/phone.svg HTTP/1.1" 304 - "http://localhost:5000/" "Mozilla/5.0 (Macintosh; Intel Mac OS X 10_14_5) AppleWebKit/537.36 (KHTML, like Gecko) Chrome/84.0.4147.135 Safari/537.36"
::1 - - [01/Sep/2020:16:36:59 +0000] "GET /images/finger.svg HTTP/1.1" 304 - "http://localhost:5000/" "Mozilla/5.0 (Macintosh; Intel Mac OS X 10_14_5) AppleWebKit/537.36 (KHTML, like Gecko) Chrome/84.0.4147.135 Safari/537.36"
::1 - - [01/Sep/2020:16:36:59 +0000] "GET /images/paper.svg HTTP/1.1" 304 - "http://localhost:5000/" "Mozilla/5.0 (Macintosh; Intel Mac OS X 10_14_5) AppleWebKit/537.36 (KHTML, like Gecko) Chrome/84.0.4147.135 Safari/537.36"
::1 - - [01/Sep/2020:16:36:59 +0000] "GET /images/planet.svg HTTP/1.1" 304 - "http://localhost:5000/" "Mozilla/5.0 (Macintosh; Intel Mac OS X 10_14_5) AppleWebKit/537.36 (KHTML, like Gecko) Chrome/84.0.4147.135 Safari/537.36"
::1 - - [01/Sep/2020:16:36:59 +0000] "GET /images/analytics.svg HTTP/1.1" 304 - "http://localhost:5000/" "Mozilla/5.0 (Macintosh; Intel Mac OS X 10_14_5) AppleWebKit/537.36 (KHTML, like Gecko) Chrome/84.0.4147.135 Safari/537.36"
::1 - - [01/Sep/2020:16:36:59 +0000] "GET /images/settings.svg HTTP/1.1" 304 - "http://localhost:5000/" "Mozilla/5.0 (Macintosh; Intel Mac OS X 10_14_5) AppleWebKit/537.36 (KHTML, like Gecko) Chrome/84.0.4147.135 Safari/537.36"
::1 - - [01/Sep/2020:16:37:00 +0000] "GET /service-worker.js HTTP/1.1" 304 - "http://localhost:5000/" "Mozilla/5.0 (Macintosh; Intel Mac OS X 10_14_5) AppleWebKit/537.36 (KHTML, like Gecko) Chrome/84.0.4147.135 Safari/537.36"
::1 - - [01/Sep/2020:16:37:00 +0000] "GET /manifest.json HTTP/1.1" 304 - "http://localhost:5000/" "Mozilla/5.0 (Macintosh; Intel Mac OS X 10_14_5) AppleWebKit/537.36 (KHTML, like Gecko) Chrome/84.0.4147.135 Safari/537.36"
::1 - - [01/Sep/2020:16:37:00 +0000] "GET /logo192.png HTTP/1.1" 304 - "http://localhost:5000/" "Mozilla/5.0 (Macintosh; Intel Mac OS X 10_14_5) AppleWebKit/537.36 (KHTML, like Gecko) Chrome/84.0.4147.135 Safari/537.36"
::1 - - [01/Sep/2020:16:37:00 +0000] "GET /service-worker.js HTTP/1.1" 304 - "http://localhost:5000/service-worker.js" "Mozilla/5.0 (Macintosh; Intel Mac OS X 10_14_5) AppleWebKit/537.36 (KHTML, like Gecko) Chrome/84.0.4147.135 Safari/537.36"
::1 - - [01/Sep/2020:16:37:00 +0000] "GET /precache-manifest.b0b7635ca7c82d958c879c8424b1db6f.js HTTP/1.1" 304 - "http://localhost:5000/service-worker.js" "Mozilla/5.0 (Macintosh; Intel Mac OS X 10_14_5) AppleWebKit/537.36 (KHTML, like Gecko) Chrome/84.0.4147.135 Safari/537.36"
::1 - - [01/Sep/2020:16:37:01 +0000] "GET /service-worker.js HTTP/1.1" 304 - "http://localhost:5000/service-worker.js" "Mozilla/5.0 (Macintosh; Intel Mac OS X 10_14_5) AppleWebKit/537.36 (KHTML, like Gecko) Chrome/84.0.4147.135 Safari/537.36"
::1 - - [01/Sep/2020:16:37:01 +0000] "GET /precache-manifest.b0b7635ca7c82d958c879c8424b1db6f.js HTTP/1.1" 304 - "http://localhost:5000/service-worker.js" "Mozilla/5.0 (Macintosh; Intel Mac OS X 10_14_5) AppleWebKit/537.36 (KHTML, like Gecko) Chrome/84.0.4147.135 Safari/537.36"
::1 - - [01/Sep/2020:16:37:03 +0000] "GET /static/css/main.337e8ce3.chunk.css.map HTTP/1.1" 304 - "-" "Mozilla/5.0 (Macintosh; Intel Mac OS X 10_14_5) AppleWebKit/537.36 (KHTML, like Gecko) Chrome/84.0.4147.135 Safari/537.36"
::1 - - [01/Sep/2020:16:37:03 +0000] "GET /static/js/main.f24cb0eb.chunk.js.map HTTP/1.1" 304 - "-" "Mozilla/5.0 (Macintosh; Intel Mac OS X 10_14_5) AppleWebKit/537.36 (KHTML, like Gecko) Chrome/84.0.4147.135 Safari/537.36"
::1 - - [01/Sep/2020:16:37:03 +0000] "GET /static/js/2.e1980ef6.chunk.js.map HTTP/1.1" 304 - "-" "Mozilla/5.0 (Macintosh; Intel Mac OS X 10_14_5) AppleWebKit/537.36 (KHTML, like Gecko) Chrome/84.0.4147.135 Safari/537.36"
::1 - - [01/Sep/2020:16:38:32 +0000] "GET /service-worker.js HTTP/1.1" 304 - "http://localhost:8081/service-worker.js" "Mozilla/5.0 (Macintosh; Intel Mac OS X 10_14_5) AppleWebKit/537.36 (KHTML, like Gecko) Chrome/84.0.4147.135 Safari/537.36"
::1 - - [01/Sep/2020:16:38:32 +0000] "GET /precache-manifest.b0b7635ca7c82d958c879c8424b1db6f.js HTTP/1.1" 304 - "http://localhost:8081/service-worker.js" "Mozilla/5.0 (Macintosh; Intel Mac OS X 10_14_5) AppleWebKit/537.36 (KHTML, like Gecko) Chrome/84.0.4147.135 Safari/537.36"
::1 - - [01/Sep/2020:16:38:32 +0000] "GET /images/landing1.svg HTTP/1.1" 304 - "http://localhost:8081/" "Mozilla/5.0 (Macintosh; Intel Mac OS X 10_14_5) AppleWebKit/537.36 (KHTML, like Gecko) Chrome/84.0.4147.135 Safari/537.36"
::1 - - [01/Sep/2020:16:38:32 +0000] "GET /images/landing2.svg HTTP/1.1" 304 - "http://localhost:8081/" "Mozilla/5.0 (Macintosh; Intel Mac OS X 10_14_5) AppleWebKit/537.36 (KHTML, like Gecko) Chrome/84.0.4147.135 Safari/537.36"
::1 - - [01/Sep/2020:16:38:32 +0000] "GET /images/landing3.svg HTTP/1.1" 304 - "http://localhost:8081/" "Mozilla/5.0 (Macintosh; Intel Mac OS X 10_14_5) AppleWebKit/537.36 (KHTML, like Gecko) Chrome/84.0.4147.135 Safari/537.36"
::1 - - [01/Sep/2020:16:38:32 +0000] "GET /images/landing4.svg HTTP/1.1" 304 - "http://localhost:8081/" "Mozilla/5.0 (Macintosh; Intel Mac OS X 10_14_5) AppleWebKit/537.36 (KHTML, like Gecko) Chrome/84.0.4147.135 Safari/537.36"
::1 - - [01/Sep/2020:16:38:32 +0000] "GET /images/client.jpg HTTP/1.1" 304 - "http://localhost:8081/" "Mozilla/5.0 (Macintosh; Intel Mac OS X 10_14_5) AppleWebKit/537.36 (KHTML, like Gecko) Chrome/84.0.4147.135 Safari/537.36"
::1 - - [01/Sep/2020:16:38:32 +0000] "GET /images/phone.svg HTTP/1.1" 304 - "http://localhost:8081/" "Mozilla/5.0 (Macintosh; Intel Mac OS X 10_14_5) AppleWebKit/537.36 (KHTML, like Gecko) Chrome/84.0.4147.135 Safari/537.36"
::1 - - [01/Sep/2020:16:38:32 +0000] "GET /images/finger.svg HTTP/1.1" 304 - "http://localhost:8081/" "Mozilla/5.0 (Macintosh; Intel Mac OS X 10_14_5) AppleWebKit/537.36 (KHTML, like Gecko) Chrome/84.0.4147.135 Safari/537.36"
::1 - - [01/Sep/2020:16:38:32 +0000] "GET /images/paper.svg HTTP/1.1" 304 - "http://localhost:8081/" "Mozilla/5.0 (Macintosh; Intel Mac OS X 10_14_5) AppleWebKit/537.36 (KHTML, like Gecko) Chrome/84.0.4147.135 Safari/537.36"
::1 - - [01/Sep/2020:16:38:32 +0000] "GET /images/planet.svg HTTP/1.1" 304 - "http://localhost:8081/" "Mozilla/5.0 (Macintosh; Intel Mac OS X 10_14_5) AppleWebKit/537.36 (KHTML, like Gecko) Chrome/84.0.4147.135 Safari/537.36"
::1 - - [01/Sep/2020:16:38:32 +0000] "GET /images/analytics.svg HTTP/1.1" 304 - "http://localhost:8081/" "Mozilla/5.0 (Macintosh; Intel Mac OS X 10_14_5) AppleWebKit/537.36 (KHTML, like Gecko) Chrome/84.0.4147.135 Safari/537.36"
::1 - - [01/Sep/2020:16:38:32 +0000] "GET /images/settings.svg HTTP/1.1" 304 - "http://localhost:8081/" "Mozilla/5.0 (Macintosh; Intel Mac OS X 10_14_5) AppleWebKit/537.36 (KHTML, like Gecko) Chrome/84.0.4147.135 Safari/537.36"
::1 - - [01/Sep/2020:16:38:33 +0000] "GET /service-worker.js HTTP/1.1" 304 - "http://localhost:8081/" "Mozilla/5.0 (Macintosh; Intel Mac OS X 10_14_5) AppleWebKit/537.36 (KHTML, like Gecko) Chrome/84.0.4147.135 Safari/537.36"
::1 - - [01/Sep/2020:16:38:33 +0000] "GET /manifest.json HTTP/1.1" 304 - "http://localhost:8081/" "Mozilla/5.0 (Macintosh; Intel Mac OS X 10_14_5) AppleWebKit/537.36 (KHTML, like Gecko) Chrome/84.0.4147.135 Safari/537.36"
::1 - - [01/Sep/2020:16:38:33 +0000] "GET /logo192.png HTTP/1.1" 304 - "http://localhost:8081/" "Mozilla/5.0 (Macintosh; Intel Mac OS X 10_14_5) AppleWebKit/537.36 (KHTML, like Gecko) Chrome/84.0.4147.135 Safari/537.36"
::1 - - [01/Sep/2020:16:38:34 +0000] "GET /service-worker.js HTTP/1.1" 304 - "http://localhost:8081/service-worker.js" "Mozilla/5.0 (Macintosh; Intel Mac OS X 10_14_5) AppleWebKit/537.36 (KHTML, like Gecko) Chrome/84.0.4147.135 Safari/537.36"
::1 - - [01/Sep/2020:16:38:34 +0000] "GET /precache-manifest.b0b7635ca7c82d958c879c8424b1db6f.js HTTP/1.1" 304 - "http://localhost:8081/service-worker.js" "Mozilla/5.0 (Macintosh; Intel Mac OS X 10_14_5) AppleWebKit/537.36 (KHTML, like Gecko) Chrome/84.0.4147.135 Safari/537.36"
::1 - - [01/Sep/2020:16:38:34 +0000] "GET /user HTTP/1.1" 304 - "http://localhost:8081/" "Mozilla/5.0 (Macintosh; Intel Mac OS X 10_14_5) AppleWebKit/537.36 (KHTML, like Gecko) Chrome/84.0.4147.135 Safari/537.36"
::1 - - [01/Sep/2020:16:38:35 +0000] "GET /business HTTP/1.1" 304 - "http://localhost:8081/" "Mozilla/5.0 (Macintosh; Intel Mac OS X 10_14_5) AppleWebKit/537.36 (KHTML, like Gecko) Chrome/84.0.4147.135 Safari/537.36"
::1 - - [01/Sep/2020:16:38:37 +0000] "GET /categories HTTP/1.1" 304 - "http://localhost:8081/dashboard" "Mozilla/5.0 (Macintosh; Intel Mac OS X 10_14_5) AppleWebKit/537.36 (KHTML, like Gecko) Chrome/84.0.4147.135 Safari/537.36"
::1 - - [01/Sep/2020:16:38:38 +0000] "GET /accounts HTTP/1.1" 304 - "http://localhost:8081/dashboard" "Mozilla/5.0 (Macintosh; Intel Mac OS X 10_14_5) AppleWebKit/537.36 (KHTML, like Gecko) Chrome/84.0.4147.135 Safari/537.36"
::1 - - [01/Sep/2020:16:38:39 +0000] "POST /transactions HTTP/1.1" 200 530 "http://localhost:8081/dashboard" "Mozilla/5.0 (Macintosh; Intel Mac OS X 10_14_5) AppleWebKit/537.36 (KHTML, like Gecko) Chrome/84.0.4147.135 Safari/537.36"
::1 - - [01/Sep/2020:16:38:40 +0000] "POST /contractors HTTP/1.1" 200 602 "http://localhost:8081/dashboard" "Mozilla/5.0 (Macintosh; Intel Mac OS X 10_14_5) AppleWebKit/537.36 (KHTML, like Gecko) Chrome/84.0.4147.135 Safari/537.36"
::1 - - [01/Sep/2020:16:38:40 +0000] "POST /projects HTTP/1.1" 200 - "http://localhost:8081/dashboard" "Mozilla/5.0 (Macintosh; Intel Mac OS X 10_14_5) AppleWebKit/537.36 (KHTML, like Gecko) Chrome/84.0.4147.135 Safari/537.36"
::1 - - [01/Sep/2020:16:38:40 +0000] "GET /images/pie.png HTTP/1.1" 304 - "http://localhost:8081/dashboard" "Mozilla/5.0 (Macintosh; Intel Mac OS X 10_14_5) AppleWebKit/537.36 (KHTML, like Gecko) Chrome/84.0.4147.135 Safari/537.36"
::1 - - [01/Sep/2020:16:39:12 +0000] "GET /dashboard HTTP/1.1" 404 148 "-" "Mozilla/5.0 (Macintosh; Intel Mac OS X 10_14_5) AppleWebKit/537.36 (KHTML, like Gecko) Chrome/84.0.4147.135 Safari/537.36"
::1 - - [01/Sep/2020:16:39:12 +0000] "GET /static/js/2.e1980ef6.chunk.js.map HTTP/1.1" 304 - "-" "Mozilla/5.0 (Macintosh; Intel Mac OS X 10_14_5) AppleWebKit/537.36 (KHTML, like Gecko) Chrome/84.0.4147.135 Safari/537.36"
::1 - - [01/Sep/2020:16:39:12 +0000] "GET /static/js/main.f24cb0eb.chunk.js.map HTTP/1.1" 304 - "-" "Mozilla/5.0 (Macintosh; Intel Mac OS X 10_14_5) AppleWebKit/537.36 (KHTML, like Gecko) Chrome/84.0.4147.135 Safari/537.36"
::1 - - [01/Sep/2020:16:39:12 +0000] "GET /static/css/main.337e8ce3.chunk.css.map HTTP/1.1" 304 - "-" "Mozilla/5.0 (Macintosh; Intel Mac OS X 10_14_5) AppleWebKit/537.36 (KHTML, like Gecko) Chrome/84.0.4147.135 Safari/537.36"
::1 - - [01/Sep/2020:16:39:24 +0000] "POST /projects HTTP/1.1" 200 - "http://localhost:8081/projects" "Mozilla/5.0 (Macintosh; Intel Mac OS X 10_14_5) AppleWebKit/537.36 (KHTML, like Gecko) Chrome/84.0.4147.135 Safari/537.36"
::1 - - [01/Sep/2020:16:45:54 +0000] "GET /images/landing1.svg HTTP/1.1" 304 - "http://localhost:5000/" "Mozilla/5.0 (Macintosh; Intel Mac OS X 10_14_5) AppleWebKit/537.36 (KHTML, like Gecko) Chrome/84.0.4147.135 Safari/537.36"
::1 - - [01/Sep/2020:16:45:54 +0000] "GET /images/landing2.svg HTTP/1.1" 304 - "http://localhost:5000/" "Mozilla/5.0 (Macintosh; Intel Mac OS X 10_14_5) AppleWebKit/537.36 (KHTML, like Gecko) Chrome/84.0.4147.135 Safari/537.36"
::1 - - [01/Sep/2020:16:45:54 +0000] "GET /images/landing3.svg HTTP/1.1" 304 - "http://localhost:5000/" "Mozilla/5.0 (Macintosh; Intel Mac OS X 10_14_5) AppleWebKit/537.36 (KHTML, like Gecko) Chrome/84.0.4147.135 Safari/537.36"
::1 - - [01/Sep/2020:16:45:54 +0000] "GET /images/landing4.svg HTTP/1.1" 304 - "http://localhost:5000/" "Mozilla/5.0 (Macintosh; Intel Mac OS X 10_14_5) AppleWebKit/537.36 (KHTML, like Gecko) Chrome/84.0.4147.135 Safari/537.36"
::1 - - [01/Sep/2020:16:45:54 +0000] "GET /images/client.jpg HTTP/1.1" 304 - "http://localhost:5000/" "Mozilla/5.0 (Macintosh; Intel Mac OS X 10_14_5) AppleWebKit/537.36 (KHTML, like Gecko) Chrome/84.0.4147.135 Safari/537.36"
::1 - - [01/Sep/2020:16:45:54 +0000] "GET /images/phone.svg HTTP/1.1" 304 - "http://localhost:5000/" "Mozilla/5.0 (Macintosh; Intel Mac OS X 10_14_5) AppleWebKit/537.36 (KHTML, like Gecko) Chrome/84.0.4147.135 Safari/537.36"
::1 - - [01/Sep/2020:16:45:54 +0000] "GET /images/finger.svg HTTP/1.1" 304 - "http://localhost:5000/" "Mozilla/5.0 (Macintosh; Intel Mac OS X 10_14_5) AppleWebKit/537.36 (KHTML, like Gecko) Chrome/84.0.4147.135 Safari/537.36"
::1 - - [01/Sep/2020:16:45:54 +0000] "GET /images/paper.svg HTTP/1.1" 304 - "http://localhost:5000/" "Mozilla/5.0 (Macintosh; Intel Mac OS X 10_14_5) AppleWebKit/537.36 (KHTML, like Gecko) Chrome/84.0.4147.135 Safari/537.36"
::1 - - [01/Sep/2020:16:45:54 +0000] "GET /images/planet.svg HTTP/1.1" 304 - "http://localhost:5000/" "Mozilla/5.0 (Macintosh; Intel Mac OS X 10_14_5) AppleWebKit/537.36 (KHTML, like Gecko) Chrome/84.0.4147.135 Safari/537.36"
::1 - - [01/Sep/2020:16:45:54 +0000] "GET /images/analytics.svg HTTP/1.1" 304 - "http://localhost:5000/" "Mozilla/5.0 (Macintosh; Intel Mac OS X 10_14_5) AppleWebKit/537.36 (KHTML, like Gecko) Chrome/84.0.4147.135 Safari/537.36"
::1 - - [01/Sep/2020:16:45:54 +0000] "GET /images/settings.svg HTTP/1.1" 304 - "http://localhost:5000/" "Mozilla/5.0 (Macintosh; Intel Mac OS X 10_14_5) AppleWebKit/537.36 (KHTML, like Gecko) Chrome/84.0.4147.135 Safari/537.36"
::1 - - [01/Sep/2020:16:45:54 +0000] "GET /service-worker.js HTTP/1.1" 304 - "http://localhost:5000/" "Mozilla/5.0 (Macintosh; Intel Mac OS X 10_14_5) AppleWebKit/537.36 (KHTML, like Gecko) Chrome/84.0.4147.135 Safari/537.36"
::1 - - [01/Sep/2020:16:45:54 +0000] "GET /manifest.json HTTP/1.1" 304 - "http://localhost:5000/" "Mozilla/5.0 (Macintosh; Intel Mac OS X 10_14_5) AppleWebKit/537.36 (KHTML, like Gecko) Chrome/84.0.4147.135 Safari/537.36"
::1 - - [01/Sep/2020:16:45:54 +0000] "GET /logo192.png HTTP/1.1" 304 - "http://localhost:5000/" "Mozilla/5.0 (Macintosh; Intel Mac OS X 10_14_5) AppleWebKit/537.36 (KHTML, like Gecko) Chrome/84.0.4147.135 Safari/537.36"
::1 - - [01/Sep/2020:16:45:54 +0000] "GET /service-worker.js HTTP/1.1" 304 - "http://localhost:5000/service-worker.js" "Mozilla/5.0 (Macintosh; Intel Mac OS X 10_14_5) AppleWebKit/537.36 (KHTML, like Gecko) Chrome/84.0.4147.135 Safari/537.36"
::1 - - [01/Sep/2020:16:45:54 +0000] "GET /precache-manifest.b0b7635ca7c82d958c879c8424b1db6f.js HTTP/1.1" 304 - "http://localhost:5000/service-worker.js" "Mozilla/5.0 (Macintosh; Intel Mac OS X 10_14_5) AppleWebKit/537.36 (KHTML, like Gecko) Chrome/84.0.4147.135 Safari/537.36"
::1 - - [01/Sep/2020:16:45:55 +0000] "GET /service-worker.js HTTP/1.1" 304 - "http://localhost:5000/service-worker.js" "Mozilla/5.0 (Macintosh; Intel Mac OS X 10_14_5) AppleWebKit/537.36 (KHTML, like Gecko) Chrome/84.0.4147.135 Safari/537.36"
::1 - - [01/Sep/2020:16:45:55 +0000] "GET /precache-manifest.b0b7635ca7c82d958c879c8424b1db6f.js HTTP/1.1" 304 - "http://localhost:5000/service-worker.js" "Mozilla/5.0 (Macintosh; Intel Mac OS X 10_14_5) AppleWebKit/537.36 (KHTML, like Gecko) Chrome/84.0.4147.135 Safari/537.36"
::1 - - [01/Sep/2020:16:45:57 +0000] "GET /static/js/2.e1980ef6.chunk.js.map HTTP/1.1" 304 - "-" "Mozilla/5.0 (Macintosh; Intel Mac OS X 10_14_5) AppleWebKit/537.36 (KHTML, like Gecko) Chrome/84.0.4147.135 Safari/537.36"
::1 - - [01/Sep/2020:16:45:57 +0000] "GET /static/js/main.f24cb0eb.chunk.js.map HTTP/1.1" 304 - "-" "Mozilla/5.0 (Macintosh; Intel Mac OS X 10_14_5) AppleWebKit/537.36 (KHTML, like Gecko) Chrome/84.0.4147.135 Safari/537.36"
::1 - - [01/Sep/2020:16:45:57 +0000] "GET /static/css/main.337e8ce3.chunk.css.map HTTP/1.1" 304 - "-" "Mozilla/5.0 (Macintosh; Intel Mac OS X 10_14_5) AppleWebKit/537.36 (KHTML, like Gecko) Chrome/84.0.4147.135 Safari/537.36"
